[2025-07-12 14:46:56] CONNECT API - SUCCESS - User: Lucas Draney
[2025-07-12 14:46:58] CREATE dev-tasks - SUCCESS - Board ID: 9576216342
[2025-07-12 14:46:58] COLUMN Task Name - SKIPPED - Name column auto-created
[2025-07-12 14:46:59] COLUMN Status - SUCCESS - Type: status
[2025-07-12 14:47:01] COLUMN Priority - SUCCESS - Type: status
[2025-07-12 14:47:02] COLUMN Due Date - SUCCESS - Type: date
[2025-07-12 14:47:03] COLUMN Assignee - SUCCESS - Type: people
[2025-07-12 14:47:05] COLUMN Story Points - SUCCESS - Type: numbers
[2025-07-12 14:47:06] COLUMN Tags - SUCCESS - Type: tags
[2025-07-12 14:47:08] COLUMN Notes - SUCCESS - Type: long_text
[2025-07-12 14:47:09] CREATE  - FAILED - Board creation failed
[2025-07-12 14:47:10] CONNECT API - SUCCESS - User: Lucas Draney
[2025-07-12 14:47:10] CHECK dev-tasks - EXISTS - Board ID: 9576216342
[2025-07-12 14:47:10] COLUMN Task Name - SKIPPED - Name column auto-created
[2025-07-12 14:47:11] COLUMN Status - SKIPPED - Already exists
[2025-07-12 14:47:11] COLUMN Priority - SKIPPED - Already exists
[2025-07-12 14:47:12] COLUMN Due Date - SKIPPED - Already exists
[2025-07-12 14:47:12] COLUMN Assignee - SKIPPED - Already exists
[2025-07-12 14:47:12] COLUMN Story Points - SKIPPED - Already exists
[2025-07-12 14:47:13] COLUMN Tags - SKIPPED - Already exists
[2025-07-12 14:47:13] COLUMN Notes - SKIPPED - Already exists
[2025-07-12 14:47:15] CREATE  - FAILED - Board creation failed
[2025-07-12 14:48:52] CONNECT API - SUCCESS - User: Lucas Draney
[2025-07-12 14:48:53] CHECK dev-tasks - EXISTS - Board ID: 9576216342
[2025-07-12 14:48:53] COLUMN Task Name - SKIPPED - Name column auto-created
[2025-07-12 14:48:53] COLUMN Status - SKIPPED - Already exists
[2025-07-12 14:48:54] COLUMN Priority - SKIPPED - Already exists
[2025-07-12 14:48:54] COLUMN Due Date - SKIPPED - Already exists
[2025-07-12 14:48:55] COLUMN Assignee - SKIPPED - Already exists
[2025-07-12 14:48:55] COLUMN Story Points - SKIPPED - Already exists
[2025-07-12 14:48:56] COLUMN Tags - SKIPPED - Already exists
[2025-07-12 14:48:56] COLUMN Notes - SKIPPED - Already exists
[2025-07-12 17:48:04] CONNECT API - SUCCESS - User: Lucas Draney
[2025-07-12 17:48:05] CHECK bug-tracker - EXISTS - Board ID: 9576405116
[2025-07-12 17:48:05] COLUMN Bug Title - SKIPPED - Name column auto-created
[2025-07-12 17:48:07] COLUMN Status - SUCCESS - Type: status
[2025-07-12 17:48:08] COLUMN Severity - SUCCESS - Type: status
[2025-07-12 17:48:10] COLUMN Priority - SUCCESS - Type: status
[2025-07-12 17:48:12] COLUMN Reporter - SUCCESS - Type: people
[2025-07-12 17:48:14] COLUMN Assignee - SUCCESS - Type: people
[2025-07-12 17:48:15] COLUMN Date Reported - SUCCESS - Type: date
[2025-07-12 17:48:18] COLUMN Target Fix Date - SUCCESS - Type: date
[2025-07-12 17:48:19] COLUMN Environment - SUCCESS - Type: tags
[2025-07-12 17:48:21] COLUMN Component - SUCCESS - Type: tags
[2025-07-12 17:48:23] COLUMN Effort (Hours) - SUCCESS - Type: numbers
[2025-07-12 17:48:24] COLUMN Steps to Reproduce - SUCCESS - Type: long_text
[2025-07-12 17:48:26] COLUMN Expected Behavior - SUCCESS - Type: long_text
[2025-07-12 17:48:27] COLUMN Actual Behavior - SUCCESS - Type: long_text
[2025-07-12 17:48:29] CREATE content-calendar - SUCCESS - Board ID: 9576425757
[2025-07-12 17:48:29] COLUMN Content Title - SKIPPED - Name column auto-created
[2025-07-12 17:48:31] COLUMN Status - SUCCESS - Type: status
[2025-07-12 17:48:33] COLUMN Content Type - SUCCESS - Type: status
[2025-07-12 17:48:34] COLUMN Author - SUCCESS - Type: people
[2025-07-12 17:48:36] COLUMN Reviewer - SUCCESS - Type: people
[2025-07-12 17:48:37] COLUMN Due Date - SUCCESS - Type: date
[2025-07-12 17:48:39] COLUMN Publish Date - SUCCESS - Type: date
[2025-07-12 17:48:41] COLUMN Priority - SUCCESS - Type: status
[2025-07-12 17:48:42] COLUMN Channels - SUCCESS - Type: tags
[2025-07-12 17:48:43] COLUMN Campaign - SUCCESS - Type: tags
[2025-07-12 17:48:46] COLUMN Target Audience - SUCCESS - Type: tags
[2025-07-12 17:48:47] COLUMN Word Count - SUCCESS - Type: numbers
[2025-07-12 17:48:48] COLUMN Content Brief - SUCCESS - Type: long_text
[2025-07-12 17:48:50] COLUMN Key Messages - SUCCESS - Type: long_text
[2025-07-12 17:48:52] COLUMN SEO Keywords - SUCCESS - Type: long_text
[2025-07-12 17:48:52] CHECK dev-tasks - EXISTS - Board ID: 9576216342
[2025-07-12 17:48:52] COLUMN Task Name - SKIPPED - Name column auto-created
[2025-07-12 17:48:53] COLUMN Status - SKIPPED - Already exists
[2025-07-12 17:48:54] COLUMN Priority - SKIPPED - Already exists
[2025-07-12 17:48:54] COLUMN Due Date - SKIPPED - Already exists
[2025-07-12 17:48:54] COLUMN Assignee - SKIPPED - Already exists
[2025-07-12 17:48:55] COLUMN Story Points - SKIPPED - Already exists
[2025-07-12 17:48:55] COLUMN Tags - SKIPPED - Already exists
[2025-07-12 17:48:56] COLUMN Notes - SKIPPED - Already exists
[2025-07-12 17:48:58] CREATE project-planning - SUCCESS - Board ID: 9576426047
[2025-07-12 17:48:58] COLUMN Project/Epic - SKIPPED - Name column auto-created
[2025-07-12 17:48:59] COLUMN Status - SUCCESS - Type: status
[2025-07-12 17:49:01] COLUMN Priority - SUCCESS - Type: status
[2025-07-12 17:49:02] COLUMN Project Manager - SUCCESS - Type: people
[2025-07-12 17:49:03] COLUMN Team Members - SUCCESS - Type: people
[2025-07-12 17:49:05] COLUMN Start Date - SUCCESS - Type: date
[2025-07-12 17:49:06] COLUMN Target Completion - SUCCESS - Type: date
[2025-07-12 17:49:08] COLUMN Budget ($) - SUCCESS - Type: numbers
[2025-07-12 17:49:09] COLUMN Progress (%) - SUCCESS - Type: numbers
[2025-07-12 17:49:11] COLUMN Risk Level - SUCCESS - Type: status
[2025-07-12 17:49:13] COLUMN Department - SUCCESS - Type: tags
[2025-07-12 17:49:14] COLUMN Project Type - SUCCESS - Type: tags
[2025-07-12 17:49:16] COLUMN Dependencies - SUCCESS - Type: long_text
[2025-07-12 17:49:17] COLUMN Success Criteria - SUCCESS - Type: long_text
[2025-07-12 17:49:19] COLUMN Project Description - SUCCESS - Type: long_text
[2025-07-12 17:49:21] CREATE sales-pipeline - SUCCESS - Board ID: 9576426361
[2025-07-12 17:49:21] COLUMN Opportunity - SKIPPED - Name column auto-created
[2025-07-12 17:49:23] COLUMN Stage - SUCCESS - Type: status
[2025-07-12 17:49:24] COLUMN Account Executive - SUCCESS - Type: people
[2025-07-12 17:49:26] COLUMN Lead Source - SUCCESS - Type: status
[2025-07-12 17:49:27] COLUMN Deal Value ($) - SUCCESS - Type: numbers
[2025-07-12 17:49:29] COLUMN Probability (%) - SUCCESS - Type: numbers
[2025-07-12 17:49:30] COLUMN Expected Close Date - SUCCESS - Type: date
[2025-07-12 17:49:32] COLUMN Last Contact - SUCCESS - Type: date
[2025-07-12 17:49:33] COLUMN Next Follow-up - SUCCESS - Type: date
[2025-07-12 17:49:35] COLUMN Company Size - SUCCESS - Type: status
[2025-07-12 17:49:37] COLUMN Industry - SUCCESS - Type: tags
[2025-07-12 17:49:39] COLUMN Products - SUCCESS - Type: tags
[2025-07-12 17:49:40] COLUMN Contact Information - SUCCESS - Type: long_text
[2025-07-12 17:49:43] COLUMN Notes - SUCCESS - Type: long_text
[2025-07-12 17:49:44] COLUMN Next Steps - SUCCESS - Type: long_text
[2025-07-12 17:49:44] DEPLOY lab - SUCCESS - All resources deployed
